Determining if the pthread_create exist failed with the following output:
Change Dir: /home/singh/catkin_ws/build/ebot_gazebo/CMakeFiles/CMakeTmp

Run Build Command:"/usr/bin/make" "cmTC_35a84/fast"
/usr/bin/make -f CMakeFiles/cmTC_35a84.dir/build.make CMakeFiles/cmTC_35a84.dir/build
make[1]: Entering directory '/home/singh/catkin_ws/build/ebot_gazebo/CMakeFiles/CMakeTmp'
Building C object CMakeFiles/cmTC_35a84.dir/CheckSymbolExists.c.o
/usr/bin/cc    -o CMakeFiles/cmTC_35a84.dir/CheckSymbolExists.c.o   -c /home/singh/catkin_ws/build/ebot_gazebo/CMakeFiles/CMakeTmp/CheckSymbolExists.c
Linking C executable cmTC_35a84
/usr/bin/cmake -E cmake_link_script CMakeFiles/cmTC_35a84.dir/link.txt --verbose=1
/usr/bin/cc      -rdynamic CMakeFiles/cmTC_35a84.dir/CheckSymbolExists.c.o  -o cmTC_35a84 
CMakeFiles/cmTC_35a84.dir/CheckSymbolExists.c.o: In function `main':
CheckSymbolExists.c:(.text+0x1b): undefined reference to `pthread_create'
collect2: error: ld returned 1 exit status
CMakeFiles/cmTC_35a84.dir/build.make:97: recipe for target 'cmTC_35a84' failed
make[1]: *** [cmTC_35a84] Error 1
make[1]: Leaving directory '/home/singh/catkin_ws/build/ebot_gazebo/CMakeFiles/CMakeTmp'
Makefile:126: recipe for target 'cmTC_35a84/fast' failed
make: *** [cmTC_35a84/fast] Error 2

File /home/singh/catkin_ws/build/ebot_gazebo/CMakeFiles/CMakeTmp/CheckSymbolExists.c:
/* */
#include <pthread.h>

int main(int argc, char** argv)
{
  (void)argv;
#ifndef pthread_create
  return ((int*)(&pthread_create))[argc];
#else
  (void)argc;
  return 0;
#endif
}

Determining if the function pthread_create exists in the pthreads failed with the following output:
Change Dir: /home/singh/catkin_ws/build/ebot_gazebo/CMakeFiles/CMakeTmp

Run Build Command:"/usr/bin/make" "cmTC_c92a6/fast"
/usr/bin/make -f CMakeFiles/cmTC_c92a6.dir/build.make CMakeFiles/cmTC_c92a6.dir/build
make[1]: Entering directory '/home/singh/catkin_ws/build/ebot_gazebo/CMakeFiles/CMakeTmp'
Building C object CMakeFiles/cmTC_c92a6.dir/CheckFunctionExists.c.o
/usr/bin/cc   -DCHECK_FUNCTION_EXISTS=pthread_create   -o CMakeFiles/cmTC_c92a6.dir/CheckFunctionExists.c.o   -c /usr/share/cmake-3.10/Modules/CheckFunctionExists.c
Linking C executable cmTC_c92a6
/usr/bin/cmake -E cmake_link_script CMakeFiles/cmTC_c92a6.dir/link.txt --verbose=1
/usr/bin/cc  -DCHECK_FUNCTION_EXISTS=pthread_create    -rdynamic CMakeFiles/cmTC_c92a6.dir/CheckFunctionExists.c.o  -o cmTC_c92a6 -lpthreads 
/usr/bin/ld: cannot find -lpthreads
collect2: error: ld returned 1 exit status
CMakeFiles/cmTC_c92a6.dir/build.make:97: recipe for target 'cmTC_c92a6' failed
make[1]: *** [cmTC_c92a6] Error 1
make[1]: Leaving directory '/home/singh/catkin_ws/build/ebot_gazebo/CMakeFiles/CMakeTmp'
Makefile:126: recipe for target 'cmTC_c92a6/fast' failed
make: *** [cmTC_c92a6/fast] Error 2


